<?xml version="1.0" encoding="UTF-8"?>
<!-- Generated by org.testng.reporters.JUnitReportReporter -->
<testsuite hostname="LAPTOP-BR9KPSFR" failures="0" tests="1" name="quiz.Scripts.Testing" time="93.210" errors="0" timestamp="07 Feb 2021 13:45:34 GMT" skipped="0">
  <testcase classname="quiz.Scripts.Testing" name="Scripting" time="93.210"/>
</testsuite> <!-- quiz.Scripts.Testing -->
